c:\users\alhassan sani\documents\visual studio 2015\projects\mainproject\mainproject\debug\vc140.pdb
c:\users\alhassan sani\documents\visual studio 2015\projects\mainproject\mainproject\debug\optimization.obj
c:\users\alhassan sani\documents\visual studio 2015\projects\mainproject\mainproject\debug\ode.obj
c:\users\alhassan sani\documents\visual studio 2015\projects\mainproject\mainproject\debug\myform.obj
c:\users\alhassan sani\documents\visual studio 2015\projects\mainproject\mainproject\debug\rk4.obj
c:\users\alhassan sani\documents\visual studio 2015\projects\mainproject\mainproject\debug\modifiedeuler.obj
c:\users\alhassan sani\documents\visual studio 2015\projects\mainproject\mainproject\debug\euler.obj
c:\users\alhassan sani\documents\visual studio 2015\projects\mainproject\mainproject\debug\adams.obj
c:\users\alhassan sani\documents\visual studio 2015\projects\mainproject\mainproject\debug\two_point.obj
c:\users\alhassan sani\documents\visual studio 2015\projects\mainproject\mainproject\debug\three_point.obj
c:\users\alhassan sani\documents\visual studio 2015\projects\mainproject\mainproject\debug\fibonacci.obj
c:\users\alhassan sani\documents\visual studio 2015\projects\mainproject\mainproject\debug\dichotomous.obj
c:\users\alhassan sani\documents\visual studio 2015\projects\mainproject\mainproject\debug\.netframework,version=v4.5.2.assemblyattributes.obj
c:\users\alhassan sani\documents\visual studio 2015\projects\mainproject\mainproject\debug\.netframework,version=v4.5.2.assemblyattributes.asm
c:\users\alhassan sani\documents\visual studio 2015\projects\mainproject\debug\mainproject.exe
c:\users\alhassan sani\documents\visual studio 2015\projects\mainproject\debug\mainproject.pdb
c:\users\alhassan sani\documents\visual studio 2015\projects\mainproject\mainproject\debug\mainproject.myform.resources
c:\users\alhassan sani\documents\visual studio 2015\projects\mainproject\mainproject\debug\mainproject.ode.resources
c:\users\alhassan sani\documents\visual studio 2015\projects\mainproject\mainproject\debug\mainproject.optimization.resources
c:\users\alhassan sani\documents\visual studio 2015\projects\mainproject\mainproject\debug\mainproject.euler.resources
c:\users\alhassan sani\documents\visual studio 2015\projects\mainproject\mainproject\debug\mainproject.rk4.resources
c:\users\alhassan sani\documents\visual studio 2015\projects\mainproject\mainproject\debug\mainproject.adams.resources
c:\users\alhassan sani\documents\visual studio 2015\projects\mainproject\mainproject\debug\mainproject.dichotomous.resources
c:\users\alhassan sani\documents\visual studio 2015\projects\mainproject\mainproject\debug\mainproject.fibonacci.resources
c:\users\alhassan sani\documents\visual studio 2015\projects\mainproject\mainproject\debug\mainproject.modifiedeuler.resources
c:\users\alhassan sani\documents\visual studio 2015\projects\mainproject\mainproject\debug\mainproject.three_point.resources
c:\users\alhassan sani\documents\visual studio 2015\projects\mainproject\mainproject\debug\mainproject.two_point.resources
c:\users\alhassan sani\documents\visual studio 2015\projects\mainproject\mainproject\debug\mainproject.vcxproj.generateresource.cache
c:\users\alhassan sani\documents\visual studio 2015\projects\mainproject\mainproject\debug\mainproject.vcxprojresolveassemblyreference.cache
c:\users\alhassan sani\documents\visual studio 2015\projects\mainproject\mainproject\debug\mainproject.tlog\cl.command.1.tlog
c:\users\alhassan sani\documents\visual studio 2015\projects\mainproject\mainproject\debug\mainproject.tlog\cl.read.1.tlog
c:\users\alhassan sani\documents\visual studio 2015\projects\mainproject\mainproject\debug\mainproject.tlog\cl.write.1.tlog
c:\users\alhassan sani\documents\visual studio 2015\projects\mainproject\mainproject\debug\mainproject.tlog\link.command.1.tlog
c:\users\alhassan sani\documents\visual studio 2015\projects\mainproject\mainproject\debug\mainproject.tlog\link.read.1.tlog
c:\users\alhassan sani\documents\visual studio 2015\projects\mainproject\mainproject\debug\mainproject.tlog\link.write.1.tlog
c:\users\alhassan sani\documents\visual studio 2015\projects\mainproject\mainproject\debug\mainproject.tlog\mainproject.write.1u.tlog
c:\users\alhassan sani\documents\visual studio 2015\projects\mainproject\mainproject\debug\mainproject.tlog\metagen.read.1.tlog
c:\users\alhassan sani\documents\visual studio 2015\projects\mainproject\mainproject\debug\mainproject.tlog\metagen.write.1.tlog
c:\users\alhassan sani\documents\visual studio 2015\projects\mainproject\mainproject\debug\mainproject.tlog\tzres.dll.bi
